
----------------------------------------

training began: 2016-11-26 23:21:45
training ended: 2016-11-26 23:39:44

scores
	train precision:   0.823  0.729  0.623  0.716  0.825  0.729  0.727
	train recall   :   0.988  0.159  0.182  0.113  0.381  0.358  0.346
	train f1       :   0.898  0.261  0.282  0.196  0.521  0.481  0.469
	dev precision   :   0.774  0.057  0.073  0.029  0.109  0.009  0.020
	dev recall      :   0.942  0.010  0.018  0.003  0.027  0.006  0.008
	dev f1          :   0.849  0.017  0.029  0.005  0.044  0.008  0.012
	loss            :   0.104  0.098  0.097  0.095  0.093  0.091  0.089
  0.087  0.085  0.083  0.081  0.080  0.078  0.076

----------------------------------------



----------------------------------------

training began: 2016-11-28 19:51:35
training ended: 2016-11-28 20:39:05

scores
	train precision:   0.820  0.816  0.778  0.802  0.816  0.714  0.824
	train recall   :   0.989  0.231  0.151  0.131  0.379  0.274  0.252
	train f1       :   0.897  0.360  0.253  0.225  0.518  0.396  0.386
	dev precision   :   0.775  0.045  0.031  0.069  0.065  0.009  0.014
	dev recall      :   0.944  0.008  0.004  0.012  0.023  0.003  0.004
	dev f1          :   0.851  0.013  0.007  0.021  0.034  0.005  0.006
	loss            :   0.056  0.055  0.054  0.053  0.053  0.052  0.051
  0.050  0.049  0.048  0.047  0.046  0.045  0.044

----------------------------------------



----------------------------------------

training began: 2016-12-03 20:49:38
training ended: 2016-12-03 21:51:59

scores
	train precision:   0.998  0.989  0.988  0.991  0.972  0.992  0.987
	train recall   :   0.998  0.975  0.985  0.981  0.996  0.983  0.988
	train f1       :   0.998  0.982  0.987  0.986  0.984  0.987  0.988
	loss            :   0.034  0.013  0.008  0.006  0.005  0.004  0.003
  0.003  0.002  0.002  0.002  0.001  0.001  0.001

----------------------------------------



----------------------------------------

training began: 2016-12-04 14:35:29
training ended: 2016-12-04 15:18:28

scores
	train precision:   0.992  0.976  0.984  0.983  0.988  0.972  0.984
	train recall   :   0.997  0.963  0.955  0.965  0.968  0.981  0.975
	train f1       :   0.995  0.970  0.969  0.974  0.978  0.977  0.979
	loss            :   0.033  0.013  0.008  0.006  0.005  0.004  0.003

----------------------------------------



----------------------------------------

training began: 2016-12-04 16:16:31
training ended: 2016-12-04 17:07:53

scores
	train precision:   0.998  0.992  0.988  0.990  0.996  0.993  0.994
	train recall   :   0.999  0.982  0.988  0.987  0.992  0.987  0.994
	train f1       :   0.998  0.987  0.988  0.989  0.994  0.990  0.994
	loss            :   0.023  0.010  0.006  0.004  0.003  0.002  0.002

----------------------------------------



----------------------------------------

training began: 2016-12-04 19:22:35
training ended: 2016-12-04 20:13:50

scores
	train precision:   0.996  0.992  0.990  0.991  0.995  0.991  0.991
	train recall   :   0.999  0.977  0.979  0.982  0.988  0.983  0.991
	train f1       :   0.997  0.985  0.984  0.987  0.992  0.987  0.991
	loss            :   0.025  0.010  0.007  0.005  0.003  0.003  0.002

----------------------------------------



----------------------------------------

training began: 2016-12-04 20:14:05
training ended: 2016-12-04 21:03:34

scores
	train precision:   0.997  0.987  0.990  0.967  0.991  0.986  0.945
	train recall   :   0.996  0.983  0.968  0.983  0.989  0.983  0.990
	train f1       :   0.997  0.985  0.979  0.975  0.990  0.984  0.967
	loss            :   0.023  0.010  0.006  0.004  0.003  0.002  0.002

----------------------------------------



----------------------------------------

training began: 2016-12-04 21:51:37
training ended: 2016-12-04 22:09:43

scores
	train precision:   0.974  0.869  0.822  0.891  0.920  0.896  0.950
	train recall   :   0.983  0.860  0.796  0.804  0.941  0.867  0.848
	train f1       :   0.979  0.864  0.809  0.845  0.930  0.882  0.896
	loss            : 
----------------------------------------



----------------------------------------

training began: 2017-01-08 14:23:35
training ended: 2017-01-08 14:27:12

scores
	train precision:   0.784  0.000  0.000  0.000  0.000  0.000  0.000
	train recall   :   0.561  0.000  0.000  0.000  0.000  0.000  0.000
	train f1       :   0.654  0.000  0.000  0.000  0.000  0.000  0.000
	loss            : 
----------------------------------------



----------------------------------------

training began: 2017-01-08 14:28:41
training ended: 2017-01-08 14:32:17

scores
	train precision:   0.785  0.000  0.000  0.000  0.000  0.000  0.000
	train recall   :   1.000  0.000  0.000  0.000  0.000  0.000  0.000
	train f1       :   0.880  0.000  0.000  0.000  0.000  0.000  0.000
	loss            : 
----------------------------------------



----------------------------------------

training began: 2017-01-08 14:52:16
training ended: 2017-01-08 14:55:52

scores
	train precision:   0.784  0.000  0.000  0.000  0.000  0.000  0.000
	train recall   :   0.993  0.000  0.000  0.000  0.000  0.000  0.000
	train f1       :   0.876  0.000  0.000  0.000  0.000  0.000  0.000
	loss            : 
----------------------------------------



----------------------------------------

training began: 2017-01-09 09:15:48
training ended: 2017-01-09 10:25:17

scores
	train precision:   0.772  0.875  0.600  0.000  0.740  0.878  0.875
	train recall   :   0.999  0.001  0.001  0.000  0.073  0.010  0.009
	train f1       :   0.871  0.002  0.001  0.000  0.133  0.020  0.018
	loss            : 
----------------------------------------



----------------------------------------

training began: 2017-01-09 11:14:19
training ended: 2017-01-09 11:31:08

scores
	train precision:   0.769  0.769  1.000  0.000  0.798  0.824  1.000
	train recall   :   1.000  0.002  0.000  0.000  0.034  0.004  0.004
	train f1       :   0.870  0.003  0.000  0.000  0.065  0.008  0.008
	loss            : 
----------------------------------------



----------------------------------------

training began: 2017-01-09 11:42:56
training ended: 2017-01-09 11:59:56

scores
	train precision:   0.773  0.868  0.733  1.000  0.730  0.810  0.875
	train recall   :   0.999  0.005  0.003  0.001  0.072  0.013  0.013
	train f1       :   0.871  0.010  0.005  0.002  0.132  0.026  0.025
	loss            : 
----------------------------------------



----------------------------------------

training began: 2017-01-09 12:02:07
training ended: 2017-01-09 12:19:41

scores
	train precision:   0.975  0.836  0.837  0.899  0.915  0.901  0.937
	train recall   :   0.981  0.884  0.776  0.790  0.939  0.854  0.854
	train f1       :   0.978  0.859  0.805  0.841  0.927  0.877  0.894
	loss            : 
----------------------------------------



----------------------------------------

training began: 2017-01-09 12:28:37
training ended: 2017-01-09 13:37:28

scores
	train precision:   0.768  0.000  0.000  0.000  0.000  0.000  0.000
	train recall   :   1.000  0.000  0.000  0.000  0.000  0.000  0.000
	train f1       :   0.869  0.000  0.000  0.000  0.000  0.000  0.000
	loss            : 
----------------------------------------



----------------------------------------

training began: 2017-01-09 13:42:37
training ended: 2017-01-09 14:23:19

scores
	train precision:   0.956  0.803  0.771  0.799  0.826  0.853  0.823
	train recall   :   0.972  0.769  0.717  0.733  0.838  0.723  0.750
	train f1       :   0.964  0.786  0.743  0.765  0.832  0.783  0.785
	loss            : 
----------------------------------------



----------------------------------------

training began: 2017-01-10 16:31:50
training ended: 2017-01-10 17:12:42

scores
	train precision:   0.947  0.805  0.809  0.809  0.862  0.855  0.852
	train recall   :   0.979  0.751  0.677  0.728  0.801  0.708  0.704
	train f1       :   0.963  0.777  0.737  0.766  0.830  0.775  0.771
	loss            : 
----------------------------------------


