 2944/16315 [====>.........................] - ETA: 198s - loss: 0.0414I tensorflow/core/common_runtime/gpu/pool_allocator.cc:245] PoolAllocator: After 39776 get requests, put_count=41011 evicted_count=17000 eviction_rate=0.414523 and unsatisfied allocation rate=0.414069
I tensorflow/core/common_runtime/gpu/pool_allocator.cc:257] Raising pool_size_limit_ from 7764 to 8540
I tensorflow/core/common_runtime/gpu/pool_allocator.cc:245] PoolAllocator: After 2146 get requests, put_count=12922 evicted_count=10000 eviction_rate=0.773874 and unsatisfied allocation rate=0
 3008/16315 [====>.........................] - ETA: 195s - loss: 0.0413I tensorflow/core/common_runtime/gpu/pool_allocator.cc:245] PoolAllocator: After 1160 get requests, put_count=7014 evicted_count=5000 eviction_rate=0.71286 and unsatisfied allocation rate=0
 3072/16315 [====>.........................] - ETA: 192s - loss: 0.0411I tensorflow/core/common_runtime/gpu/pool_allocator.cc:245] PoolAllocator: After 39732 get requests, put_count=40746 evicted_count=15000 eviction_rate=0.368134 and unsatisfied allocation rate=0.373502
I tensorflow/core/common_runtime/gpu/pool_allocator.cc:257] Raising pool_size_limit_ from 9394 to 10333
I tensorflow/core/common_runtime/gpu/pool_allocator.cc:245] PoolAllocator: After 2178 get requests, put_count=13117 evicted_count=10000 eviction_rate=0.762369 and unsatisfied allocation rate=0
 3136/16315 [====>.........................] - ETA: 189s - loss: 0.0410I tensorflow/core/common_runtime/gpu/pool_allocator.cc:245] PoolAllocator: After 1400 get requests, put_count=8433 evicted_count=6000 eviction_rate=0.711491 and unsatisfied allocation rate=0
 3200/16315 [====>.........................] - ETA: 187s - loss: 0.0408I tensorflow/core/common_runtime/gpu/pool_allocator.cc:245] PoolAllocator: After 820 get requests, put_count=4956 evicted_count=3000 eviction_rate=0.605327 and unsatisfied allocation rate=0
 3264/16315 [=====>........................] - ETA: 184s - loss: 0.0406I tensorflow/core/common_runtime/gpu/pool_allocator.cc:245] PoolAllocator: After 452 get requests, put_count=2702 evicted_count=1000 eviction_rate=0.370096 and unsatisfied allocation rate=0
 3328/16315 [=====>........................] - ETA: 182s - loss: 0.0402I tensorflow/core/common_runtime/gpu/pool_allocator.cc:245] PoolAllocator: After 476 get requests, put_count=2851 evicted_count=1000 eviction_rate=0.350754 and unsatisfied allocation rate=0
 3392/16315 [=====>........................] - ETA: 179s - loss: 0.0401I tensorflow/core/common_runtime/gpu/pool_allocator.cc:245] PoolAllocator: After 704 get requests, put_count=4216 evicted_count=2000 eviction_rate=0.474383 and unsatisfied allocation rate=0
 3456/16315 [=====>........................] - ETA: 177s - loss: 0.0399I tensorflow/core/common_runtime/gpu/pool_allocator.cc:245] PoolAllocator: After 1130 get requests, put_count=6793 evicted_count=4000 eviction_rate=0.588841 and unsatisfied allocation rate=0
16315/16315 [==============================] - 154s - loss: 0.0229     
Epoch 2/10
16315/16315 [==============================] - 135s - loss: 0.0098     
Epoch 3/10
16315/16315 [==============================] - 135s - loss: 0.0064     
Epoch 4/10
16315/16315 [==============================] - 135s - loss: 0.0045     
Epoch 5/10
16315/16315 [==============================] - 135s - loss: 0.0031     
Epoch 6/10
16315/16315 [==============================] - 136s - loss: 0.0023     
Epoch 7/10
16315/16315 [==============================] - 131s - loss: 0.0017     
Epoch 8/10
16315/16315 [==============================] - 129s - loss: 0.0013         
Epoch 9/10
16315/16315 [==============================] - 129s - loss: 0.0011         
Epoch 10/10
16315/16315 [==============================] - 129s - loss: 0.0010         
training done


train
          0    1    2    3    4    5    6  (gold)
 0     114454   83   84   36   80   35   19
 1       47 6952   10   16   20    0    0
 2       39    1 4460    0    2    4    0
 3       91   16   37 4761    0    0   17
 4       54   19    1    5 10141    9    4
 5       43    0   10    0    2 3819    0
 6      180    1    5   23    8   19 4059
(pred)



serializing model to models/word-ls

